<?xml version="1.0" encoding="UTF-8"?>
<testsuite name="org.oogwayrides.console.controllers.ControllerTest" tests="3" skipped="0" failures="0" errors="0" timestamp="2022-10-01T09:52:19" hostname="Dominiks-MacBook-Pro.local" time="1.485">
  <properties/>
  <testcase name="addPassenger()" classname="org.oogwayrides.console.controllers.ControllerTest" time="1.211"/>
  <testcase name="addAdventure()" classname="org.oogwayrides.console.controllers.ControllerTest" time="0.113"/>
  <testcase name="deleteAdventure()" classname="org.oogwayrides.console.controllers.ControllerTest" time="0.155"/>
  <system-out><![CDATA[Adventure(_id=111, numOfPass=4, organizer=User(name=Dominik, bio=Hi, Im open to Adventures, profilePic=url....), vehicle=car, date=20/02/22, locaton=Madrid, plan=City Tour, passangers=[User(name=Joe, bio=Hi, Im looking to hitchhike, profilePic=url....)])
]]></system-out>
  <system-err><![CDATA[[Test worker] INFO org.mongodb.driver.client - MongoClient with metadata {"driver": {"name": "mongo-java-driver|sync|kmongo", "version": "4.7.1"}, "os": {"type": "Darwin", "name": "Mac OS X", "architecture": "x86_64", "version": "11.4"}, "platform": "Java/Eclipse Adoptium/17+35|Kotlin/1.7.10"} created with settings MongoClientSettings{readPreference=primary, writeConcern=WriteConcern{w=null, wTimeout=null ms, journal=null}, retryWrites=true, retryReads=true, readConcern=ReadConcern{level=null}, credential=null, streamFactoryFactory=null, commandListeners=[], codecRegistry=ProvidersCodecRegistry{codecProviders=[OverridableUuidRepresentationCodecRegistry{wrapped=ProvidersCodecRegistry{codecProviders=[ValueCodecProvider{}, BsonValueCodecProvider{}, DBRefCodecProvider{}, DBObjectCodecProvider{}, DocumentCodecProvider{}, IterableCodecProvider{}, MapCodecProvider{}, GeoJsonCodecProvider{}, GridFSFileCodecProvider{}, Jsr310CodecProvider{}, JsonObjectCodecProvider{}, BsonCodecProvider{}]}, uuidRepresentation=UNSPECIFIED}, org.litote.kmongo.service.CustomCodecProvider@7f829c76, ProvidersCodecRegistry{codecProviders=[org.litote.kmongo.jackson.JacksonCodecProvider@1cb19dba]}]}, clusterSettings={hosts=[localhost:27017], srvServiceName=mongodb, mode=SINGLE, requiredClusterType=UNKNOWN, requiredReplicaSetName='null', serverSelector='null', clusterListeners='[]', serverSelectionTimeout='30000 ms', localThreshold='30000 ms'}, socketSettings=SocketSettings{connectTimeoutMS=10000, readTimeoutMS=0, receiveBufferSize=0, sendBufferSize=0}, heartbeatSocketSettings=SocketSettings{connectTimeoutMS=10000, readTimeoutMS=10000, receiveBufferSize=0, sendBufferSize=0}, connectionPoolSettings=ConnectionPoolSettings{maxSize=100, minSize=0, maxWaitTimeMS=120000, maxConnectionLifeTimeMS=0, maxConnectionIdleTimeMS=0, maintenanceInitialDelayMS=0, maintenanceFrequencyMS=60000, connectionPoolListeners=[], maxConnecting=2}, serverSettings=ServerSettings{heartbeatFrequencyMS=10000, minHeartbeatFrequencyMS=500, serverListeners='[]', serverMonitorListeners='[]'}, sslSettings=SslSettings{enabled=false, invalidHostNameAllowed=false, context=null}, applicationName='null', compressorList=[], uuidRepresentation=UNSPECIFIED, serverApi=null, autoEncryptionSettings=null, contextProvider=null}
[cluster-ClusterId{value='63380dd30bf1fb26112067f7', description='null'}-localhost:27017] INFO org.mongodb.driver.connection - Opened connection [connectionId{localValue:2, serverValue:4}] to localhost:27017
[cluster-ClusterId{value='63380dd30bf1fb26112067f7', description='null'}-localhost:27017] INFO org.mongodb.driver.cluster - Monitor thread successfully connected to server with description ServerDescription{address=localhost:27017, type=STANDALONE, state=CONNECTED, ok=true, minWireVersion=0, maxWireVersion=13, maxDocumentSize=16777216, logicalSessionTimeoutMinutes=30, roundTripTimeNanos=36579792}
[cluster-rtt-ClusterId{value='63380dd30bf1fb26112067f7', description='null'}-localhost:27017] INFO org.mongodb.driver.connection - Opened connection [connectionId{localValue:1, serverValue:5}] to localhost:27017
[Test worker] INFO org.mongodb.driver.connection - Opened connection [connectionId{localValue:3, serverValue:6}] to localhost:27017
[Test worker] ERROR org.oogwayrides.console.controllers.Controller - number of passangers exceeded or adventure is null or you can add yourself to your adventure
]]></system-err>
</testsuite>
